[2019-03-16 05:23:51] Текст ошибки: Страница не найдена | Файл: C:\xampp\htdocs\ishop2.loc\public\index.php | Строка: 12 
================
[2019-03-16 05:23:51] Текст ошибки: Страница не найдена | Файл: C:\xampp\htdocs\ishop2.loc\public\index.php | Строка: 12 
================
[2019-03-16 05:24:05] Текст ошибки: Страница не найдена | Файл: C:\xampp\htdocs\ishop2.loc\public\index.php | Строка: 12 
================
[2019-03-16 05:24:05] Текст ошибки: Страница не найдена | Файл: C:\xampp\htdocs\ishop2.loc\public\index.php | Строка: 12 
================
[2019-03-16 05:24:17] Текст ошибки: Страница не найдена | Файл: C:\xampp\htdocs\ishop2.loc\public\index.php | Строка: 12 
================
[2019-03-16 05:24:17] Текст ошибки: Страница не найдена | Файл: C:\xampp\htdocs\ishop2.loc\public\index.php | Строка: 12 
================
[2019-03-16 05:24:18] Текст ошибки: Страница не найдена | Файл: C:\xampp\htdocs\ishop2.loc\public\index.php | Строка: 12 
================
[2019-03-16 05:24:18] Текст ошибки: Страница не найдена | Файл: C:\xampp\htdocs\ishop2.loc\public\index.php | Строка: 12 
================
[2019-03-16 05:24:18] Текст ошибки: Страница не найдена | Файл: C:\xampp\htdocs\ishop2.loc\public\index.php | Строка: 12 
================
[2019-03-16 05:24:18] Текст ошибки: Страница не найдена | Файл: C:\xampp\htdocs\ishop2.loc\public\index.php | Строка: 12 
================
[2019-03-16 05:24:18] Текст ошибки: Страница не найдена | Файл: C:\xampp\htdocs\ishop2.loc\public\index.php | Строка: 12 
================
[2019-03-16 05:24:18] Текст ошибки: Страница не найдена | Файл: C:\xampp\htdocs\ishop2.loc\public\index.php | Строка: 12 
================
[2019-03-16 05:24:25] Текст ошибки: Страница не найдена | Файл: C:\xampp\htdocs\ishop2.loc\public\index.php | Строка: 12 
================
[2019-03-16 05:24:25] Текст ошибки: Страница не найдена | Файл: C:\xampp\htdocs\ishop2.loc\public\index.php | Строка: 12 
================
[2019-03-16 05:24:25] Текст ошибки: Страница не найдена | Файл: C:\xampp\htdocs\ishop2.loc\public\index.php | Строка: 12 
================
[2019-03-16 05:24:25] Текст ошибки: Страница не найдена | Файл: C:\xampp\htdocs\ishop2.loc\public\index.php | Строка: 12 
================
[2019-03-16 05:24:25] Текст ошибки: Страница не найдена | Файл: C:\xampp\htdocs\ishop2.loc\public\index.php | Строка: 12 
================
[2019-03-16 05:24:25] Текст ошибки: Страница не найдена | Файл: C:\xampp\htdocs\ishop2.loc\public\index.php | Строка: 12 
================
[2019-03-16 05:24:25] Текст ошибки: Страница не найдена | Файл: C:\xampp\htdocs\ishop2.loc\public\index.php | Строка: 12 
================
[2019-03-16 05:24:26] Текст ошибки: Страница не найдена | Файл: C:\xampp\htdocs\ishop2.loc\public\index.php | Строка: 12 
================
[2019-03-16 05:24:32] Текст ошибки: Страница не найдена | Файл: C:\xampp\htdocs\ishop2.loc\public\index.php | Строка: 12 
================
[2019-03-16 05:24:32] Текст ошибки: Страница не найдена | Файл: C:\xampp\htdocs\ishop2.loc\public\index.php | Строка: 12 
================
[2019-03-16 05:28:37] Текст ошибки: Страница не найдена | Файл: C:\xampp\htdocs\ishop2.loc\public\index.php | Строка: 12 
================
[2019-03-16 05:28:37] Текст ошибки: Страница не найдена | Файл: C:\xampp\htdocs\ishop2.loc\public\index.php | Строка: 12 
================
[2019-03-16 05:28:37] Текст ошибки: Страница не найдена | Файл: C:\xampp\htdocs\ishop2.loc\public\index.php | Строка: 12 
================
[2019-03-16 05:28:37] Текст ошибки: Страница не найдена | Файл: C:\xampp\htdocs\ishop2.loc\public\index.php | Строка: 12 
================
[2019-03-16 05:28:37] Текст ошибки: Страница не найдена | Файл: C:\xampp\htdocs\ishop2.loc\public\index.php | Строка: 12 
================
[2019-03-16 05:28:37] Текст ошибки: Страница не найдена | Файл: C:\xampp\htdocs\ishop2.loc\public\index.php | Строка: 12 
================
[2019-03-16 05:28:56] Текст ошибки: Страница не найдена | Файл: C:\xampp\htdocs\ishop2.loc\public\index.php | Строка: 12 
================
[2019-03-16 05:28:56] Текст ошибки: Страница не найдена | Файл: C:\xampp\htdocs\ishop2.loc\public\index.php | Строка: 12 
================
[2019-03-16 05:28:57] Текст ошибки: Страница не найдена | Файл: C:\xampp\htdocs\ishop2.loc\public\index.php | Строка: 12 
================
[2019-03-16 05:28:57] Текст ошибки: Страница не найдена | Файл: C:\xampp\htdocs\ishop2.loc\public\index.php | Строка: 12 
================
[2019-03-16 05:28:57] Текст ошибки: Страница не найдена | Файл: C:\xampp\htdocs\ishop2.loc\public\index.php | Строка: 12 
================
[2019-03-16 05:28:57] Текст ошибки: Страница не найдена | Файл: C:\xampp\htdocs\ishop2.loc\public\index.php | Строка: 12 
================
[2019-03-16 05:30:56] Текст ошибки: Страница не найдена | Файл: C:\xampp\htdocs\ishop2.loc\public\index.php | Строка: 12 
================
[2019-03-16 05:30:56] Текст ошибки: Страница не найдена | Файл: C:\xampp\htdocs\ishop2.loc\public\index.php | Строка: 12 
================
[2019-03-16 05:30:56] Текст ошибки: Страница не найдена | Файл: C:\xampp\htdocs\ishop2.loc\public\index.php | Строка: 12 
================
[2019-03-16 05:30:56] Текст ошибки: Страница не найдена | Файл: C:\xampp\htdocs\ishop2.loc\public\index.php | Строка: 12 
================
[2019-03-16 05:30:56] Текст ошибки: Страница не найдена | Файл: C:\xampp\htdocs\ishop2.loc\public\index.php | Строка: 12 
================
[2019-03-16 05:30:56] Текст ошибки: Страница не найдена | Файл: C:\xampp\htdocs\ishop2.loc\public\index.php | Строка: 12 
================
[2019-03-16 05:30:57] Текст ошибки: Страница не найдена | Файл: C:\xampp\htdocs\ishop2.loc\public\index.php | Строка: 12 
================
[2019-03-16 05:30:57] Текст ошибки: Страница не найдена | Файл: C:\xampp\htdocs\ishop2.loc\public\index.php | Строка: 12 
================
[2019-03-16 05:30:57] Текст ошибки: Страница не найдена | Файл: C:\xampp\htdocs\ishop2.loc\public\index.php | Строка: 12 
================
[2019-03-16 05:30:57] Текст ошибки: Страница не найдена | Файл: C:\xampp\htdocs\ishop2.loc\public\index.php | Строка: 12 
================
[2019-03-16 05:30:57] Текст ошибки: Страница не найдена | Файл: C:\xampp\htdocs\ishop2.loc\public\index.php | Строка: 12 
================
[2019-03-16 05:30:57] Текст ошибки: Страница не найдена | Файл: C:\xampp\htdocs\ishop2.loc\public\index.php | Строка: 12 
================
[2019-03-16 05:30:57] Текст ошибки: Страница не найдена | Файл: C:\xampp\htdocs\ishop2.loc\public\index.php | Строка: 12 
================
[2019-03-16 05:30:57] Текст ошибки: Страница не найдена | Файл: C:\xampp\htdocs\ishop2.loc\public\index.php | Строка: 12 
================
[2019-03-16 05:30:58] Текст ошибки: Страница не найдена | Файл: C:\xampp\htdocs\ishop2.loc\public\index.php | Строка: 12 
================
[2019-03-16 05:30:58] Текст ошибки: Страница не найдена | Файл: C:\xampp\htdocs\ishop2.loc\public\index.php | Строка: 12 
================
[2019-03-16 05:30:58] Текст ошибки: Страница не найдена | Файл: C:\xampp\htdocs\ishop2.loc\public\index.php | Строка: 12 
================
[2019-03-16 05:30:58] Текст ошибки: Страница не найдена | Файл: C:\xampp\htdocs\ishop2.loc\public\index.php | Строка: 12 
================
[2019-03-16 05:30:58] Текст ошибки: Страница не найдена | Файл: C:\xampp\htdocs\ishop2.loc\public\index.php | Строка: 12 
================
[2019-03-16 05:30:58] Текст ошибки: Страница не найдена | Файл: C:\xampp\htdocs\ishop2.loc\public\index.php | Строка: 12 
================
[2019-03-16 05:30:59] Текст ошибки: Страница не найдена | Файл: C:\xampp\htdocs\ishop2.loc\public\index.php | Строка: 12 
================
[2019-03-16 05:30:59] Текст ошибки: Страница не найдена | Файл: C:\xampp\htdocs\ishop2.loc\public\index.php | Строка: 12 
================
[2019-03-16 05:33:04] Текст ошибки: Страница не найдена | Файл: C:\xampp\htdocs\ishop2.loc\public\index.php | Строка: 9 
================
[2019-03-16 05:33:04] Текст ошибки: Страница не найдена | Файл: C:\xampp\htdocs\ishop2.loc\public\index.php | Строка: 9 
================
[2019-03-16 05:33:04] Текст ошибки: Страница не найдена | Файл: C:\xampp\htdocs\ishop2.loc\public\index.php | Строка: 9 
================
[2019-03-16 05:33:05] Текст ошибки: Страница не найдена | Файл: C:\xampp\htdocs\ishop2.loc\public\index.php | Строка: 9 
================
[2019-03-16 05:33:05] Текст ошибки: Страница не найдена | Файл: C:\xampp\htdocs\ishop2.loc\public\index.php | Строка: 9 
================
[2019-03-16 05:33:05] Текст ошибки: Страница не найдена | Файл: C:\xampp\htdocs\ishop2.loc\public\index.php | Строка: 9 
================
[2019-03-16 05:33:07] Текст ошибки: Страница не найдена | Файл: C:\xampp\htdocs\ishop2.loc\public\index.php | Строка: 9 
================
[2019-03-16 05:33:44] Текст ошибки: Страница не найдена | Файл: C:\xampp\htdocs\ishop2.loc\public\index.php | Строка: 12 
================
[2019-03-16 05:33:44] Текст ошибки: Страница не найдена | Файл: C:\xampp\htdocs\ishop2.loc\public\index.php | Строка: 12 
================
[2019-03-16 05:33:44] Текст ошибки: Страница не найдена | Файл: C:\xampp\htdocs\ishop2.loc\public\index.php | Строка: 12 
================
[2019-03-16 05:34:14] Текст ошибки: Страница не найдена | Файл: C:\xampp\htdocs\ishop2.loc\public\index.php | Строка: 12 
================
[2019-03-16 05:34:32] Текст ошибки: Страница не найдена | Файл: C:\xampp\htdocs\ishop2.loc\public\index.php | Строка: 12 
================
[2019-03-16 05:34:32] Текст ошибки: Страница не найдена | Файл: C:\xampp\htdocs\ishop2.loc\public\index.php | Строка: 12 
================
[2019-03-16 05:34:33] Текст ошибки: Страница не найдена | Файл: C:\xampp\htdocs\ishop2.loc\public\index.php | Строка: 12 
================
[2019-03-16 05:34:33] Текст ошибки: Страница не найдена | Файл: C:\xampp\htdocs\ishop2.loc\public\index.php | Строка: 12 
================
[2019-03-16 05:34:33] Текст ошибки: Страница не найдена | Файл: C:\xampp\htdocs\ishop2.loc\public\index.php | Строка: 12 
================
[2019-03-16 05:34:34] Текст ошибки: Страница не найдена | Файл: C:\xampp\htdocs\ishop2.loc\public\index.php | Строка: 12 
================
[2019-03-16 05:34:35] Текст ошибки: Страница не найдена | Файл: C:\xampp\htdocs\ishop2.loc\public\index.php | Строка: 12 
================
[2019-03-16 05:34:42] Текст ошибки: Страница не найдена | Файл: C:\xampp\htdocs\ishop2.loc\public\index.php | Строка: 12 
================
[2019-03-16 05:34:43] Текст ошибки: Страница не найдена | Файл: C:\xampp\htdocs\ishop2.loc\public\index.php | Строка: 12 
================
[2019-03-16 05:34:43] Текст ошибки: Страница не найдена | Файл: C:\xampp\htdocs\ishop2.loc\public\index.php | Строка: 12 
================
[2019-03-16 05:34:43] Текст ошибки: Страница не найдена | Файл: C:\xampp\htdocs\ishop2.loc\public\index.php | Строка: 12 
================
[2019-03-16 05:35:10] Текст ошибки: Страница не найдена | Файл: C:\xampp\htdocs\ishop2.loc\public\index.php | Строка: 12 
================
[2019-03-16 05:35:17] Текст ошибки: Страница не найдена | Файл: C:\xampp\htdocs\ishop2.loc\public\index.php | Строка: 12 
================
[2019-03-16 05:35:18] Текст ошибки: Страница не найдена | Файл: C:\xampp\htdocs\ishop2.loc\public\index.php | Строка: 12 
================
[2019-03-16 05:35:33] Текст ошибки: Страница не найдена | Файл: C:\xampp\htdocs\ishop2.loc\public\index.php | Строка: 12 
================
[2019-03-16 05:36:37] Текст ошибки: Страница не найдена | Файл: C:\xampp\htdocs\ishop2.loc\public\index.php | Строка: 12 
================
[2019-03-16 05:36:38] Текст ошибки: Страница не найдена | Файл: C:\xampp\htdocs\ishop2.loc\public\index.php | Строка: 12 
================
[2019-03-16 05:36:38] Текст ошибки: Страница не найдена | Файл: C:\xampp\htdocs\ishop2.loc\public\index.php | Строка: 12 
================
[2019-03-16 05:36:39] Текст ошибки: Страница не найдена | Файл: C:\xampp\htdocs\ishop2.loc\public\index.php | Строка: 12 
================
[2019-03-16 05:36:39] Текст ошибки: Страница не найдена | Файл: C:\xampp\htdocs\ishop2.loc\public\index.php | Строка: 12 
================
[2019-03-16 05:36:39] Текст ошибки: Страница не найдена | Файл: C:\xampp\htdocs\ishop2.loc\public\index.php | Строка: 12 
================
[2019-03-16 05:37:01] Текст ошибки: Страница не найдена | Файл: C:\xampp\htdocs\ishop2.loc\public\index.php | Строка: 12 
================
[2019-03-16 05:37:23] Текст ошибки: Страница не найдена | Файл: C:\xampp\htdocs\ishop2.loc\public\index.php | Строка: 12 
================
[2019-03-16 05:37:42] Текст ошибки: Страница не найдена | Файл: C:\xampp\htdocs\ishop2.loc\public\index.php | Строка: 12 
================
[2019-03-16 05:37:43] Текст ошибки: Страница не найдена | Файл: C:\xampp\htdocs\ishop2.loc\public\index.php | Строка: 12 
================
[2019-03-16 05:37:43] Текст ошибки: Страница не найдена | Файл: C:\xampp\htdocs\ishop2.loc\public\index.php | Строка: 12 
================
[2019-03-16 05:37:43] Текст ошибки: Страница не найдена | Файл: C:\xampp\htdocs\ishop2.loc\public\index.php | Строка: 12 
================
[2019-03-16 05:37:43] Текст ошибки: Страница не найдена | Файл: C:\xampp\htdocs\ishop2.loc\public\index.php | Строка: 12 
================
[2019-03-16 05:37:43] Текст ошибки: Страница не найдена | Файл: C:\xampp\htdocs\ishop2.loc\public\index.php | Строка: 12 
================
[2019-03-16 05:38:00] Текст ошибки: Страница не найдена | Файл: C:\xampp\htdocs\ishop2.loc\public\index.php | Строка: 12 
================
[2019-03-16 05:51:27] Текст ошибки: Страница не найдена | Файл: C:\xampp\htdocs\ishop2.loc\public\index.php | Строка: 12 
================
[2019-03-16 05:51:28] Текст ошибки: Страница не найдена | Файл: C:\xampp\htdocs\ishop2.loc\public\index.php | Строка: 12 
================
[2019-03-16 05:51:28] Текст ошибки: Страница не найдена | Файл: C:\xampp\htdocs\ishop2.loc\public\index.php | Строка: 12 
================
[2019-03-16 05:51:46] Текст ошибки: Страница не найдена | Файл: C:\xampp\htdocs\ishop2.loc\public\index.php | Строка: 12 
================
[2019-03-16 05:51:54] Текст ошибки: Страница не найдена | Файл: C:\xampp\htdocs\ishop2.loc\public\index.php | Строка: 12 
================
[2019-03-16 05:51:56] Текст ошибки: Страница не найдена | Файл: C:\xampp\htdocs\ishop2.loc\public\index.php | Строка: 12 
================
[2019-03-16 05:51:57] Текст ошибки: Страница не найдена | Файл: C:\xampp\htdocs\ishop2.loc\public\index.php | Строка: 12 
================
[2019-03-16 05:52:16] Текст ошибки: Страница не найдена | Файл: C:\xampp\htdocs\ishop2.loc\public\index.php | Строка: 12 
================
[2019-03-16 05:52:43] Текст ошибки: Страница не найдена | Файл: C:\xampp\htdocs\ishop2.loc\public\index.php | Строка: 12 
================
[2019-03-16 05:53:04] Текст ошибки: Страница не найдена | Файл: C:\xampp\htdocs\ishop2.loc\public\index.php | Строка: 12 
================
[2019-03-16 05:53:05] Текст ошибки: Страница не найдена | Файл: C:\xampp\htdocs\ishop2.loc\public\index.php | Строка: 12 
================
[2019-03-16 05:58:55] Текст ошибки: Страница не найдена | Файл: C:\xampp\htdocs\ishop2.loc\public\index.php | Строка: 12 
================
[2019-03-16 05:59:30] Текст ошибки: Страница не найдена | Файл: C:\xampp\htdocs\ishop2.loc\public\index.php | Строка: 12 
================
[2019-03-16 05:59:51] Текст ошибки: Страница не найдена | Файл: C:\xampp\htdocs\ishop2.loc\public\index.php | Строка: 12 
================
[2019-03-16 06:00:16] Текст ошибки: Страница не найдена | Файл: C:\xampp\htdocs\ishop2.loc\public\index.php | Строка: 12 
================
[2019-03-16 06:00:17] Текст ошибки: Страница не найдена | Файл: C:\xampp\htdocs\ishop2.loc\public\index.php | Строка: 12 
================
[2019-03-16 06:00:38] Текст ошибки: Страница не найдена | Файл: C:\xampp\htdocs\ishop2.loc\public\index.php | Строка: 12 
================
[2019-03-16 06:00:39] Текст ошибки: Страница не найдена | Файл: C:\xampp\htdocs\ishop2.loc\public\index.php | Строка: 12 
================
[2019-03-16 07:32:41] Текст ошибки: Access to undeclared static property: ishop\Router::$routes | Файл: C:\xampp\htdocs\ishop2.loc\vendor\ishop\core\Router.php | Строка: 31 
================
[2019-03-18 06:08:38] Текст ошибки: Call to undefined function ishop\string() | Файл: C:\xampp\htdocs\ishop2.loc\vendor\ishop\core\Router.php | Строка: 59 
================
[2019-03-18 06:08:39] Текст ошибки: Call to undefined function ishop\string() | Файл: C:\xampp\htdocs\ishop2.loc\vendor\ishop\core\Router.php | Строка: 59 
================
[2019-03-18 06:08:39] Текст ошибки: Call to undefined function ishop\string() | Файл: C:\xampp\htdocs\ishop2.loc\vendor\ishop\core\Router.php | Строка: 59 
================
[2019-03-18 06:08:39] Текст ошибки: Call to undefined function ishop\string() | Файл: C:\xampp\htdocs\ishop2.loc\vendor\ishop\core\Router.php | Строка: 59 
================
[2019-03-18 06:29:19] Текст ошибки: Страница не найдена. | Файл: C:\xampp\htdocs\ishop2.loc\vendor\ishop\core\Router.php | Строка: 46 
================
[2019-03-18 06:29:19] Текст ошибки: Страница не найдена. | Файл: C:\xampp\htdocs\ishop2.loc\vendor\ishop\core\Router.php | Строка: 46 
================
[2019-03-18 06:31:18] Текст ошибки: Страница не найдена. | Файл: C:\xampp\htdocs\ishop2.loc\vendor\ishop\core\Router.php | Строка: 46 
================
[2019-03-18 06:31:19] Текст ошибки: Страница не найдена. | Файл: C:\xampp\htdocs\ishop2.loc\vendor\ishop\core\Router.php | Строка: 46 
================
[2019-03-18 06:31:19] Текст ошибки: Страница не найдена. | Файл: C:\xampp\htdocs\ishop2.loc\vendor\ishop\core\Router.php | Строка: 46 
================
[2019-03-18 06:32:04] Текст ошибки: Страница не найдена. | Файл: C:\xampp\htdocs\ishop2.loc\vendor\ishop\core\Router.php | Строка: 46 
================
[2019-03-18 07:30:28] Текст ошибки: Undefined class constant 'route' | Файл: C:\xampp\htdocs\ishop2.loc\vendor\ishop\core\Router.php | Строка: 45 
================
[2019-03-18 07:30:29] Текст ошибки: Undefined class constant 'route' | Файл: C:\xampp\htdocs\ishop2.loc\vendor\ishop\core\Router.php | Строка: 45 
================
[2019-03-18 07:30:29] Текст ошибки: Undefined class constant 'route' | Файл: C:\xampp\htdocs\ishop2.loc\vendor\ishop\core\Router.php | Строка: 45 
================
[2019-03-18 07:30:40] Текст ошибки: Страница не найдена. | Файл: C:\xampp\htdocs\ishop2.loc\vendor\ishop\core\Router.php | Строка: 47 
================
[2019-03-18 07:30:43] Текст ошибки: Undefined class constant 'route' | Файл: C:\xampp\htdocs\ishop2.loc\vendor\ishop\core\Router.php | Строка: 45 
================
[2019-03-18 09:26:49] Текст ошибки: Контроллер app\controllers\AsdadasdController не найден | Файл: C:\xampp\htdocs\ishop2.loc\vendor\ishop\core\Router.php | Строка: 51 
================
[2019-03-18 09:27:02] Текст ошибки: Контроллер app\controllers\MainController не найден | Файл: C:\xampp\htdocs\ishop2.loc\vendor\ishop\core\Router.php | Строка: 51 
================
[2019-03-18 09:28:03] Текст ошибки: Контроллер app\controllers\MainController не найден | Файл: C:\xampp\htdocs\ishop2.loc\vendor\ishop\core\Router.php | Строка: 51 
================
[2019-03-18 09:28:03] Текст ошибки: Контроллер app\controllers\MainController не найден | Файл: C:\xampp\htdocs\ishop2.loc\vendor\ishop\core\Router.php | Строка: 51 
================
[2019-03-18 09:28:04] Текст ошибки: Контроллер app\controllers\MainController не найден | Файл: C:\xampp\htdocs\ishop2.loc\vendor\ishop\core\Router.php | Строка: 51 
================
[2019-03-18 09:28:04] Текст ошибки: Контроллер app\controllers\MainController не найден | Файл: C:\xampp\htdocs\ishop2.loc\vendor\ishop\core\Router.php | Строка: 51 
================
[2019-03-18 09:28:04] Текст ошибки: Контроллер app\controllers\MainController не найден | Файл: C:\xampp\htdocs\ishop2.loc\vendor\ishop\core\Router.php | Строка: 51 
================
[2019-03-18 10:49:18] Текст ошибки: Контроллер app\controllers\MainController не найден | Файл: C:\xampp\htdocs\ishop2.loc\vendor\ishop\core\Router.php | Строка: 51 
================
[2019-03-18 10:49:18] Текст ошибки: Страница не найдена. | Файл: C:\xampp\htdocs\ishop2.loc\vendor\ishop\core\Router.php | Строка: 55 
================
[2019-03-18 11:01:41] Текст ошибки: Контроллер app\controllers\PageController не найден | Файл: C:\xampp\htdocs\ishop2.loc\vendor\ishop\core\Router.php | Строка: 59 
================
[2019-03-18 11:01:56] Текст ошибки: Контроллер app\controllers\MainController не найден | Файл: C:\xampp\htdocs\ishop2.loc\vendor\ishop\core\Router.php | Строка: 59 
================
[2019-03-18 11:02:43] Текст ошибки: Class 'Exeption' not found | Файл: C:\xampp\htdocs\ishop2.loc\vendor\ishop\core\Router.php | Строка: 55 
================
[2019-03-18 11:02:44] Текст ошибки: Class 'Exeption' not found | Файл: C:\xampp\htdocs\ishop2.loc\vendor\ishop\core\Router.php | Строка: 55 
================
[2019-03-18 11:02:44] Текст ошибки: Class 'Exeption' not found | Файл: C:\xampp\htdocs\ishop2.loc\vendor\ishop\core\Router.php | Строка: 55 
================
[2019-03-18 11:02:44] Текст ошибки: Class 'Exeption' not found | Файл: C:\xampp\htdocs\ishop2.loc\vendor\ishop\core\Router.php | Строка: 55 
================
[2019-03-18 11:02:45] Текст ошибки: Class 'Exeption' not found | Файл: C:\xampp\htdocs\ishop2.loc\vendor\ishop\core\Router.php | Строка: 55 
================
[2019-03-18 11:03:37] Текст ошибки: Class 'Exeption' not found | Файл: C:\xampp\htdocs\ishop2.loc\vendor\ishop\core\Router.php | Строка: 55 
================
[2019-03-18 11:03:38] Текст ошибки: Class 'Exeption' not found | Файл: C:\xampp\htdocs\ishop2.loc\vendor\ishop\core\Router.php | Строка: 55 
================
[2019-03-18 11:03:38] Текст ошибки: Class 'Exeption' not found | Файл: C:\xampp\htdocs\ishop2.loc\vendor\ishop\core\Router.php | Строка: 55 
================
[2019-03-18 11:03:38] Текст ошибки: Class 'Exeption' not found | Файл: C:\xampp\htdocs\ishop2.loc\vendor\ishop\core\Router.php | Строка: 55 
================
[2019-03-18 11:04:18] Текст ошибки: Class 'Exeption' not found | Файл: C:\xampp\htdocs\ishop2.loc\vendor\ishop\core\Router.php | Строка: 55 
================
[2019-03-18 11:04:19] Текст ошибки: Class 'Exeption' not found | Файл: C:\xampp\htdocs\ishop2.loc\vendor\ishop\core\Router.php | Строка: 55 
================
[2019-03-18 11:04:19] Текст ошибки: Class 'Exeption' not found | Файл: C:\xampp\htdocs\ishop2.loc\vendor\ishop\core\Router.php | Строка: 55 
================
[2019-03-18 11:04:19] Текст ошибки: Class 'Exeption' not found | Файл: C:\xampp\htdocs\ishop2.loc\vendor\ishop\core\Router.php | Строка: 55 
================
[2019-03-18 11:04:19] Текст ошибки: Class 'Exeption' not found | Файл: C:\xampp\htdocs\ishop2.loc\vendor\ishop\core\Router.php | Строка: 55 
================
[2019-03-18 11:04:25] Текст ошибки: Class 'Exeption' not found | Файл: C:\xampp\htdocs\ishop2.loc\vendor\ishop\core\Router.php | Строка: 55 
================
[2019-03-18 11:04:25] Текст ошибки: Class 'Exeption' not found | Файл: C:\xampp\htdocs\ishop2.loc\vendor\ishop\core\Router.php | Строка: 55 
================
[2019-03-18 11:04:25] Текст ошибки: Class 'Exeption' not found | Файл: C:\xampp\htdocs\ishop2.loc\vendor\ishop\core\Router.php | Строка: 55 
================
[2019-03-18 11:04:26] Текст ошибки: Class 'Exeption' not found | Файл: C:\xampp\htdocs\ishop2.loc\vendor\ishop\core\Router.php | Строка: 55 
================
[2019-03-18 11:04:26] Текст ошибки: Class 'Exeption' not found | Файл: C:\xampp\htdocs\ishop2.loc\vendor\ishop\core\Router.php | Строка: 55 
================
[2019-03-18 11:06:22] Текст ошибки: Контроллер app\controllers\PageController не найден | Файл: C:\xampp\htdocs\ishop2.loc\vendor\ishop\core\Router.php | Строка: 59 
================
[2019-03-18 11:08:36] Текст ошибки: Страница не найдена. | Файл: C:\xampp\htdocs\ishop2.loc\vendor\ishop\core\Router.php | Строка: 63 
================
[2019-03-18 11:08:43] Текст ошибки: Страница не найдена. | Файл: C:\xampp\htdocs\ishop2.loc\vendor\ishop\core\Router.php | Строка: 63 
================
[2019-03-19 09:41:52] Текст ошибки: Страница не найдена. | Файл: C:\xampp\htdocs\ishop2.loc\vendor\ishop\core\Router.php | Строка: 63 
================
[2019-03-19 11:30:05] Текст ошибки: Страница не найдена. | Файл: C:\xampp\htdocs\ishop2.loc\vendor\ishop\core\Router.php | Строка: 64 
================
[2019-03-27 05:55:49] Текст ошибки: Страница не найдена. | Файл: C:\xampp\htdocs\ishop2.loc\vendor\ishop\core\Router.php | Строка: 64 
================
[2019-03-27 05:58:11] Текст ошибки: Страница не найдена. | Файл: C:\xampp\htdocs\ishop2.loc\vendor\ishop\core\Router.php | Строка: 64 
================
[2019-03-27 06:15:25] Текст ошибки: Call to undefined method app\controllers\PageController::getView() | Файл: C:\xampp\htdocs\ishop2.loc\vendor\ishop\core\Router.php | Строка: 57 
================
[2019-03-27 06:15:56] Текст ошибки: Call to undefined method app\controllers\PageController::getView() | Файл: C:\xampp\htdocs\ishop2.loc\vendor\ishop\core\Router.php | Строка: 57 
================
[2019-03-27 06:18:14] Текст ошибки: Class 'Exeption' not found | Файл: C:\xampp\htdocs\ishop2.loc\vendor\ishop\core\base\View.php | Строка: 59 
================
[2019-03-27 06:18:51] Текст ошибки: Class 'Exeption' not found | Файл: C:\xampp\htdocs\ishop2.loc\vendor\ishop\core\base\View.php | Строка: 59 
================
[2019-03-27 07:14:22] Текст ошибки: Class 'app\controllers\AppModel' not found | Файл: C:\xampp\htdocs\ishop2.loc\app\controllers\AppController.php | Строка: 21 
================
[2019-03-27 07:14:23] Текст ошибки: Class 'app\controllers\AppModel' not found | Файл: C:\xampp\htdocs\ishop2.loc\app\controllers\AppController.php | Строка: 21 
================
[2019-03-27 07:14:24] Текст ошибки: Class 'app\controllers\AppModel' not found | Файл: C:\xampp\htdocs\ishop2.loc\app\controllers\AppController.php | Строка: 21 
================
[2019-03-27 07:14:48] Текст ошибки: Class 'app\controllers\AppModel' not found | Файл: C:\xampp\htdocs\ishop2.loc\app\controllers\AppController.php | Строка: 21 
================
[2019-03-27 07:14:49] Текст ошибки: Class 'app\controllers\AppModel' not found | Файл: C:\xampp\htdocs\ishop2.loc\app\controllers\AppController.php | Строка: 21 
================
[2019-03-27 07:14:49] Текст ошибки: Class 'app\controllers\AppModel' not found | Файл: C:\xampp\htdocs\ishop2.loc\app\controllers\AppController.php | Строка: 21 
================
[2019-03-27 07:14:50] Текст ошибки: Class 'app\controllers\AppModel' not found | Файл: C:\xampp\htdocs\ishop2.loc\app\controllers\AppController.php | Строка: 21 
================
[2019-03-27 07:14:50] Текст ошибки: Class 'app\controllers\AppModel' not found | Файл: C:\xampp\htdocs\ishop2.loc\app\controllers\AppController.php | Строка: 21 
================
[2019-03-27 07:14:50] Текст ошибки: Class 'app\controllers\AppModel' not found | Файл: C:\xampp\htdocs\ishop2.loc\app\controllers\AppController.php | Строка: 21 
================
[2019-03-27 07:14:50] Текст ошибки: Class 'app\controllers\AppModel' not found | Файл: C:\xampp\htdocs\ishop2.loc\app\controllers\AppController.php | Строка: 21 
================
[2019-03-27 07:15:57] Текст ошибки: Class 'ishop\base\Db' not found | Файл: C:\xampp\htdocs\ishop2.loc\vendor\ishop\core\base\Model.php | Строка: 22 
================
[2019-03-27 07:15:58] Текст ошибки: Class 'ishop\base\Db' not found | Файл: C:\xampp\htdocs\ishop2.loc\vendor\ishop\core\base\Model.php | Строка: 22 
================
[2019-03-27 07:15:58] Текст ошибки: Class 'ishop\base\Db' not found | Файл: C:\xampp\htdocs\ishop2.loc\vendor\ishop\core\base\Model.php | Строка: 22 
================
[2019-03-27 07:17:52] Текст ошибки: Class 'ishop\core\Db' not found | Файл: C:\xampp\htdocs\ishop2.loc\vendor\ishop\core\base\Model.php | Строка: 23 
================
[2019-03-27 07:17:53] Текст ошибки: Class 'ishop\core\Db' not found | Файл: C:\xampp\htdocs\ishop2.loc\vendor\ishop\core\base\Model.php | Строка: 23 
================
[2019-03-27 07:17:53] Текст ошибки: Class 'ishop\core\Db' not found | Файл: C:\xampp\htdocs\ishop2.loc\vendor\ishop\core\base\Model.php | Строка: 23 
================
[2019-03-27 07:17:55] Текст ошибки: Class 'ishop\core\Db' not found | Файл: C:\xampp\htdocs\ishop2.loc\vendor\ishop\core\base\Model.php | Строка: 23 
================
[2019-03-27 07:18:15] Текст ошибки: Class 'core\Db' not found | Файл: C:\xampp\htdocs\ishop2.loc\vendor\ishop\core\base\Model.php | Строка: 23 
================
[2019-03-27 07:18:16] Текст ошибки: Class 'core\Db' not found | Файл: C:\xampp\htdocs\ishop2.loc\vendor\ishop\core\base\Model.php | Строка: 23 
================
[2019-03-27 07:18:27] Текст ошибки: Class 'vendor\ishop\core\Db' not found | Файл: C:\xampp\htdocs\ishop2.loc\vendor\ishop\core\base\Model.php | Строка: 23 
================
[2019-03-27 07:18:27] Текст ошибки: Class 'vendor\ishop\core\Db' not found | Файл: C:\xampp\htdocs\ishop2.loc\vendor\ishop\core\base\Model.php | Строка: 23 
================
[2019-03-27 07:18:28] Текст ошибки: Class 'vendor\ishop\core\Db' not found | Файл: C:\xampp\htdocs\ishop2.loc\vendor\ishop\core\base\Model.php | Строка: 23 
================
[2019-03-27 07:19:06] Текст ошибки: Class 'ishop\base\Db' not found | Файл: C:\xampp\htdocs\ishop2.loc\vendor\ishop\core\base\Model.php | Строка: 22 
================
[2019-03-27 07:19:07] Текст ошибки: Class 'ishop\base\Db' not found | Файл: C:\xampp\htdocs\ishop2.loc\vendor\ishop\core\base\Model.php | Строка: 22 
================
[2019-03-27 07:19:07] Текст ошибки: Class 'ishop\base\Db' not found | Файл: C:\xampp\htdocs\ishop2.loc\vendor\ishop\core\base\Model.php | Строка: 22 
================
[2019-03-27 07:19:09] Текст ошибки: Class 'ishop\base\Db' not found | Файл: C:\xampp\htdocs\ishop2.loc\vendor\ishop\core\base\Model.php | Строка: 22 
================
[2019-03-27 07:19:10] Текст ошибки: Class 'ishop\base\Db' not found | Файл: C:\xampp\htdocs\ishop2.loc\vendor\ishop\core\base\Model.php | Строка: 22 
================
[2019-03-27 07:19:10] Текст ошибки: Class 'ishop\base\Db' not found | Файл: C:\xampp\htdocs\ishop2.loc\vendor\ishop\core\base\Model.php | Строка: 22 
================
[2019-03-27 07:20:22] Текст ошибки: Class 'ishop\base\Db' not found | Файл: C:\xampp\htdocs\ishop2.loc\vendor\ishop\core\base\Model.php | Строка: 22 
================
[2019-03-27 07:21:42] Текст ошибки: Class 'R' not found | Файл: C:\xampp\htdocs\ishop2.loc\vendor\ishop\core\Db.php | Строка: 22 
================
[2019-03-27 07:21:43] Текст ошибки: Class 'R' not found | Файл: C:\xampp\htdocs\ishop2.loc\vendor\ishop\core\Db.php | Строка: 22 
================
[2019-03-27 07:21:43] Текст ошибки: Class 'R' not found | Файл: C:\xampp\htdocs\ishop2.loc\vendor\ishop\core\Db.php | Строка: 22 
================
[2019-03-27 07:21:44] Текст ошибки: Class 'R' not found | Файл: C:\xampp\htdocs\ishop2.loc\vendor\ishop\core\Db.php | Строка: 22 
================
[2019-03-27 07:21:44] Текст ошибки: Class 'R' not found | Файл: C:\xampp\htdocs\ishop2.loc\vendor\ishop\core\Db.php | Строка: 22 
================
[2019-03-27 07:24:41] Текст ошибки: Class 'R' not found | Файл: C:\xampp\htdocs\ishop2.loc\vendor\ishop\core\Db.php | Строка: 22 
================
[2019-03-27 07:24:42] Текст ошибки: Class 'R' not found | Файл: C:\xampp\htdocs\ishop2.loc\vendor\ishop\core\Db.php | Строка: 22 
================
[2019-03-27 07:24:42] Текст ошибки: Class 'R' not found | Файл: C:\xampp\htdocs\ishop2.loc\vendor\ishop\core\Db.php | Строка: 22 
================
[2019-03-27 07:24:42] Текст ошибки: Class 'R' not found | Файл: C:\xampp\htdocs\ishop2.loc\vendor\ishop\core\Db.php | Строка: 22 
================
[2019-03-27 07:24:42] Текст ошибки: Class 'R' not found | Файл: C:\xampp\htdocs\ishop2.loc\vendor\ishop\core\Db.php | Строка: 22 
================
[2019-03-27 07:24:43] Текст ошибки: Class 'R' not found | Файл: C:\xampp\htdocs\ishop2.loc\vendor\ishop\core\Db.php | Строка: 22 
================
[2019-03-27 07:24:43] Текст ошибки: Class 'R' not found | Файл: C:\xampp\htdocs\ishop2.loc\vendor\ishop\core\Db.php | Строка: 22 
================
[2019-03-27 07:27:45] Текст ошибки: Class 'R' not found | Файл: C:\xampp\htdocs\ishop2.loc\vendor\ishop\core\Db.php | Строка: 22 
================
[2019-03-27 07:27:46] Текст ошибки: Class 'R' not found | Файл: C:\xampp\htdocs\ishop2.loc\vendor\ishop\core\Db.php | Строка: 22 
================
[2019-03-27 07:27:46] Текст ошибки: Class 'R' not found | Файл: C:\xampp\htdocs\ishop2.loc\vendor\ishop\core\Db.php | Строка: 22 
================
[2019-03-27 07:27:46] Текст ошибки: Class 'R' not found | Файл: C:\xampp\htdocs\ishop2.loc\vendor\ishop\core\Db.php | Строка: 22 
================
[2019-03-27 07:27:46] Текст ошибки: Class 'R' not found | Файл: C:\xampp\htdocs\ishop2.loc\vendor\ishop\core\Db.php | Строка: 22 
================
[2019-03-27 07:27:46] Текст ошибки: Class 'R' not found | Файл: C:\xampp\htdocs\ishop2.loc\vendor\ishop\core\Db.php | Строка: 22 
================
[2019-03-27 07:35:03] Текст ошибки: Class 'R' not found | Файл: C:\xampp\htdocs\ishop2.loc\vendor\ishop\core\Db.php | Строка: 22 
================
[2019-03-27 07:36:47] Текст ошибки: Class 'R' not found | Файл: C:\xampp\htdocs\ishop2.loc\vendor\ishop\core\Db.php | Строка: 22 
================
[2019-03-27 07:36:48] Текст ошибки: Class 'R' not found | Файл: C:\xampp\htdocs\ishop2.loc\vendor\ishop\core\Db.php | Строка: 22 
================
[2019-03-27 07:36:48] Текст ошибки: Class 'R' not found | Файл: C:\xampp\htdocs\ishop2.loc\vendor\ishop\core\Db.php | Строка: 22 
================
[2019-03-27 07:36:48] Текст ошибки: Class 'R' not found | Файл: C:\xampp\htdocs\ishop2.loc\vendor\ishop\core\Db.php | Строка: 22 
================
[2019-03-27 07:36:48] Текст ошибки: Class 'R' not found | Файл: C:\xampp\htdocs\ishop2.loc\vendor\ishop\core\Db.php | Строка: 22 
================
[2019-03-27 07:38:46] Текст ошибки: Соединение устрановлено. | Файл: C:\xampp\htdocs\ishop2.loc\vendor\ishop\core\Db.php | Строка: 26 
================
[2019-03-27 07:38:46] Текст ошибки: Соединение устрановлено. | Файл: C:\xampp\htdocs\ishop2.loc\vendor\ishop\core\Db.php | Строка: 26 
================
[2019-03-27 07:38:47] Текст ошибки: Соединение устрановлено. | Файл: C:\xampp\htdocs\ishop2.loc\vendor\ishop\core\Db.php | Строка: 26 
================
[2019-03-27 07:38:47] Текст ошибки: Соединение устрановлено. | Файл: C:\xampp\htdocs\ishop2.loc\vendor\ishop\core\Db.php | Строка: 26 
================
[2019-03-27 07:38:47] Текст ошибки: Соединение устрановлено. | Файл: C:\xampp\htdocs\ishop2.loc\vendor\ishop\core\Db.php | Строка: 26 
================
[2019-03-27 07:38:48] Текст ошибки: Соединение устрановлено. | Файл: C:\xampp\htdocs\ishop2.loc\vendor\ishop\core\Db.php | Строка: 26 
================
[2019-03-27 07:38:49] Текст ошибки: Соединение устрановлено. | Файл: C:\xampp\htdocs\ishop2.loc\vendor\ishop\core\Db.php | Строка: 26 
================
[2019-03-27 07:38:50] Текст ошибки: Соединение устрановлено. | Файл: C:\xampp\htdocs\ishop2.loc\vendor\ishop\core\Db.php | Строка: 26 
================
[2019-03-27 07:38:50] Текст ошибки: Соединение устрановлено. | Файл: C:\xampp\htdocs\ishop2.loc\vendor\ishop\core\Db.php | Строка: 26 
================
[2019-03-27 07:39:01] Текст ошибки: Соединение устрановлено. | Файл: C:\xampp\htdocs\ishop2.loc\vendor\ishop\core\Db.php | Строка: 26 
================
[2019-03-27 07:39:01] Текст ошибки: Соединение устрановлено. | Файл: C:\xampp\htdocs\ishop2.loc\vendor\ishop\core\Db.php | Строка: 26 
================
[2019-03-27 10:08:50] Текст ошибки: Контроллер app\controllers\AsdasdController не найден | Файл: C:\xampp\htdocs\ishop2.loc\vendor\ishop\core\Router.php | Строка: 62 
================
[2019-03-27 10:12:50] Текст ошибки: Class 'app\controllers\R' not found | Файл: C:\xampp\htdocs\ishop2.loc\app\controllers\MainController.php | Строка: 20 
================
[2019-03-27 10:12:50] Текст ошибки: Class 'app\controllers\R' not found | Файл: C:\xampp\htdocs\ishop2.loc\app\controllers\MainController.php | Строка: 20 
================
[2019-03-27 10:12:51] Текст ошибки: Class 'app\controllers\R' not found | Файл: C:\xampp\htdocs\ishop2.loc\app\controllers\MainController.php | Строка: 20 
================
[2019-03-27 10:12:51] Текст ошибки: Class 'app\controllers\R' not found | Файл: C:\xampp\htdocs\ishop2.loc\app\controllers\MainController.php | Строка: 20 
================
[2019-03-27 10:12:51] Текст ошибки: Class 'app\controllers\R' not found | Файл: C:\xampp\htdocs\ishop2.loc\app\controllers\MainController.php | Строка: 20 
================
[2019-03-27 10:12:51] Текст ошибки: Class 'app\controllers\R' not found | Файл: C:\xampp\htdocs\ishop2.loc\app\controllers\MainController.php | Строка: 20 
================
